16:39:58.206 [http-nio-8080-exec-1] ERROR o.s.w.s.h.ExceptionWebSocketHandlerDecorator - [tryCloseWithError,90] - Closing session due to exception for StandardWebSocketSession[id=589e0251-607b-8876-f4f4-9c2fbde26c4f, uri=ws://localhost:8080/websocket/chat]
java.lang.NullPointerException: null
	at java.base/java.util.concurrent.ConcurrentHashMap.putVal(ConcurrentHashMap.java:1011)
	at java.base/java.util.concurrent.ConcurrentHashMap.put(ConcurrentHashMap.java:1006)
	at com.ruoyi.framework.websocket.ChatWebSocketHandler.afterConnectionEstablished(ChatWebSocketHandler.java:31)
	at org.springframework.web.socket.handler.WebSocketHandlerDecorator.afterConnectionEstablished(WebSocketHandlerDecorator.java:70)
	at org.springframework.web.socket.handler.LoggingWebSocketHandlerDecorator.afterConnectionEstablished(LoggingWebSocketHandlerDecorator.java:48)
	at org.springframework.web.socket.handler.ExceptionWebSocketHandlerDecorator.afterConnectionEstablished(ExceptionWebSocketHandlerDecorator.java:48)
	at org.springframework.web.socket.adapter.standard.StandardWebSocketHandlerAdapter.onOpen(StandardWebSocketHandlerAdapter.java:104)
	at org.apache.tomcat.websocket.server.WsHttpUpgradeHandler.init(WsHttpUpgradeHandler.java:131)
	at org.apache.coyote.AbstractProtocol$ConnectionHandler.process(AbstractProtocol.java:979)
	at org.apache.tomcat.util.net.NioEndpoint$SocketProcessor.doRun(NioEndpoint.java:1791)
	at org.apache.tomcat.util.net.SocketProcessorBase.run(SocketProcessorBase.java:52)
	at org.apache.tomcat.util.threads.ThreadPoolExecutor.runWorker(ThreadPoolExecutor.java:1190)
	at org.apache.tomcat.util.threads.ThreadPoolExecutor$Worker.run(ThreadPoolExecutor.java:659)
	at org.apache.tomcat.util.threads.TaskThread$WrappingRunnable.run(TaskThread.java:63)
	at java.base/java.lang.Thread.run(Thread.java:1583)
16:39:58.221 [http-nio-8080-exec-1] ERROR c.r.f.w.ChatWebSocketHandler - [handleTextMessage,81] - 处理消息失败: Cannot invoke "com.fasterxml.jackson.databind.JsonNode.asText()" because the return value of "com.fasterxml.jackson.databind.JsonNode.get(String)" is null
16:48:38.957 [http-nio-8080-exec-59] ERROR c.r.f.w.ChatWebSocketHandler - [handleTextMessage,81] - 处理消息失败: Cannot invoke "com.fasterxml.jackson.databind.JsonNode.asText()" because the return value of "com.fasterxml.jackson.databind.JsonNode.get(String)" is null
16:48:39.521 [http-nio-8080-exec-61] ERROR c.r.f.w.ChatWebSocketHandler - [handleTextMessage,81] - 处理消息失败: Cannot invoke "com.fasterxml.jackson.databind.JsonNode.asText()" because the return value of "com.fasterxml.jackson.databind.JsonNode.get(String)" is null
16:49:11.935 [http-nio-8080-exec-40] ERROR c.r.f.w.ChatWebSocketHandler - [handleTextMessage,81] - 处理消息失败: Cannot invoke "com.fasterxml.jackson.databind.JsonNode.asText()" because the return value of "com.fasterxml.jackson.databind.JsonNode.get(String)" is null
16:49:14.183 [http-nio-8080-exec-49] ERROR c.r.f.w.ChatWebSocketHandler - [handleTextMessage,81] - 处理消息失败: Cannot invoke "com.fasterxml.jackson.databind.JsonNode.asText()" because the return value of "com.fasterxml.jackson.databind.JsonNode.get(String)" is null
16:49:47.213 [http-nio-8080-exec-31] ERROR c.r.f.w.ChatWebSocketHandler - [handleTextMessage,81] - 处理消息失败: Cannot invoke "com.fasterxml.jackson.databind.JsonNode.asText()" because the return value of "com.fasterxml.jackson.databind.JsonNode.get(String)" is null
16:49:49.726 [http-nio-8080-exec-66] ERROR c.r.f.w.ChatWebSocketHandler - [handleTextMessage,81] - 处理消息失败: Cannot invoke "com.fasterxml.jackson.databind.JsonNode.asText()" because the return value of "com.fasterxml.jackson.databind.JsonNode.get(String)" is null
16:49:53.393 [http-nio-8080-exec-29] ERROR c.r.f.w.ChatWebSocketHandler - [handleTextMessage,81] - 处理消息失败: Cannot invoke "com.fasterxml.jackson.databind.JsonNode.asText()" because the return value of "com.fasterxml.jackson.databind.JsonNode.get(String)" is null
16:50:47.244 [http-nio-8080-exec-38] ERROR c.r.f.w.ChatWebSocketHandler - [handleTextMessage,81] - 处理消息失败: Cannot invoke "com.fasterxml.jackson.databind.JsonNode.asText()" because the return value of "com.fasterxml.jackson.databind.JsonNode.get(String)" is null
16:54:02.327 [http-nio-8080-exec-55] ERROR c.r.f.w.ChatWebSocketHandler - [handleTextMessage,81] - 处理消息失败: Cannot invoke "com.fasterxml.jackson.databind.JsonNode.asText()" because the return value of "com.fasterxml.jackson.databind.JsonNode.get(String)" is null
16:54:45.155 [http-nio-8080-exec-46] ERROR c.r.f.w.ChatWebSocketHandler - [handleTextMessage,81] - 处理消息失败: Cannot invoke "com.fasterxml.jackson.databind.JsonNode.asText()" because the return value of "com.fasterxml.jackson.databind.JsonNode.get(String)" is null
16:55:19.152 [http-nio-8080-exec-48] ERROR c.r.f.w.ChatWebSocketHandler - [handleTextMessage,81] - 处理消息失败: Cannot invoke "com.fasterxml.jackson.databind.JsonNode.asText()" because the return value of "com.fasterxml.jackson.databind.JsonNode.get(String)" is null
16:55:56.987 [http-nio-8080-exec-50] ERROR c.r.f.w.ChatWebSocketHandler - [handleTextMessage,72] - 处理消息失败: Cannot invoke "com.fasterxml.jackson.databind.JsonNode.asText()" because the return value of "com.fasterxml.jackson.databind.JsonNode.get(String)" is null
16:55:58.243 [http-nio-8080-exec-52] ERROR c.r.f.w.ChatWebSocketHandler - [handleTextMessage,72] - 处理消息失败: Cannot invoke "com.fasterxml.jackson.databind.JsonNode.asText()" because the return value of "com.fasterxml.jackson.databind.JsonNode.get(String)" is null
16:56:13.472 [http-nio-8080-exec-57] ERROR c.r.f.w.ChatWebSocketHandler - [handleTextMessage,72] - 处理消息失败: Cannot invoke "com.fasterxml.jackson.databind.JsonNode.asText()" because the return value of "com.fasterxml.jackson.databind.JsonNode.get(String)" is null
16:56:17.311 [http-nio-8080-exec-72] ERROR c.r.f.w.ChatWebSocketHandler - [handleTextMessage,72] - 处理消息失败: Cannot invoke "com.fasterxml.jackson.databind.JsonNode.asText()" because the return value of "com.fasterxml.jackson.databind.JsonNode.get(String)" is null
16:56:35.138 [http-nio-8080-exec-27] ERROR c.r.f.w.ChatWebSocketHandler - [handleTextMessage,72] - 处理消息失败: Cannot invoke "com.fasterxml.jackson.databind.JsonNode.asText()" because the return value of "com.fasterxml.jackson.databind.JsonNode.get(String)" is null
16:56:56.451 [http-nio-8080-exec-10] ERROR c.r.f.w.ChatWebSocketHandler - [handleTextMessage,72] - 处理消息失败: Cannot invoke "com.fasterxml.jackson.databind.JsonNode.asText()" because the return value of "com.fasterxml.jackson.databind.JsonNode.get(String)" is null
16:56:57.473 [http-nio-8080-exec-100] ERROR c.r.f.w.ChatWebSocketHandler - [handleTextMessage,72] - 处理消息失败: Cannot invoke "com.fasterxml.jackson.databind.JsonNode.asText()" because the return value of "com.fasterxml.jackson.databind.JsonNode.get(String)" is null
16:57:26.972 [http-nio-8080-exec-83] ERROR c.r.f.w.ChatWebSocketHandler - [handleTextMessage,72] - 处理消息失败: Cannot invoke "com.fasterxml.jackson.databind.JsonNode.asText()" because the return value of "com.fasterxml.jackson.databind.JsonNode.get(String)" is null
16:57:53.393 [http-nio-8080-exec-88] ERROR c.r.f.w.ChatWebSocketHandler - [handleTextMessage,72] - 处理消息失败: Cannot invoke "com.fasterxml.jackson.databind.JsonNode.asText()" because the return value of "com.fasterxml.jackson.databind.JsonNode.get(String)" is null
16:57:58.133 [http-nio-8080-exec-85] ERROR c.r.f.w.ChatWebSocketHandler - [handleTextMessage,72] - 处理消息失败: Cannot invoke "com.fasterxml.jackson.databind.JsonNode.asText()" because the return value of "com.fasterxml.jackson.databind.JsonNode.get(String)" is null
16:58:02.048 [http-nio-8080-exec-77] ERROR c.r.f.w.ChatWebSocketHandler - [handleTextMessage,72] - 处理消息失败: Cannot invoke "com.fasterxml.jackson.databind.JsonNode.asText()" because the return value of "com.fasterxml.jackson.databind.JsonNode.get(String)" is null
16:58:05.623 [http-nio-8080-exec-81] ERROR c.r.f.w.ChatWebSocketHandler - [handleTextMessage,72] - 处理消息失败: Cannot invoke "com.fasterxml.jackson.databind.JsonNode.asText()" because the return value of "com.fasterxml.jackson.databind.JsonNode.get(String)" is null
16:58:28.151 [http-nio-8080-exec-93] ERROR c.r.f.w.ChatWebSocketHandler - [handleTextMessage,72] - 处理消息失败: Cannot invoke "com.fasterxml.jackson.databind.JsonNode.asText()" because the return value of "com.fasterxml.jackson.databind.JsonNode.get(String)" is null
16:58:38.142 [http-nio-8080-exec-96] ERROR c.r.f.w.ChatWebSocketHandler - [handleTextMessage,72] - 处理消息失败: Cannot invoke "com.fasterxml.jackson.databind.JsonNode.asText()" because the return value of "com.fasterxml.jackson.databind.JsonNode.get(String)" is null
16:58:46.215 [http-nio-8080-exec-95] ERROR c.r.f.w.ChatWebSocketHandler - [handleTextMessage,72] - 处理消息失败: Cannot invoke "com.fasterxml.jackson.databind.JsonNode.asText()" because the return value of "com.fasterxml.jackson.databind.JsonNode.get(String)" is null
16:58:48.140 [http-nio-8080-exec-75] ERROR c.r.f.w.ChatWebSocketHandler - [handleTextMessage,72] - 处理消息失败: Cannot invoke "com.fasterxml.jackson.databind.JsonNode.asText()" because the return value of "com.fasterxml.jackson.databind.JsonNode.get(String)" is null
16:58:48.154 [http-nio-8080-exec-99] ERROR c.r.f.w.ChatWebSocketHandler - [handleTextMessage,72] - 处理消息失败: Cannot invoke "com.fasterxml.jackson.databind.JsonNode.asText()" because the return value of "com.fasterxml.jackson.databind.JsonNode.get(String)" is null
16:59:03.270 [http-nio-8080-exec-12] ERROR c.r.f.w.ChatWebSocketHandler - [handleTextMessage,72] - 处理消息失败: Cannot invoke "com.fasterxml.jackson.databind.JsonNode.asText()" because the return value of "com.fasterxml.jackson.databind.JsonNode.get(String)" is null
16:59:05.134 [http-nio-8080-exec-4] ERROR c.r.f.w.ChatWebSocketHandler - [handleTextMessage,72] - 处理消息失败: Cannot invoke "com.fasterxml.jackson.databind.JsonNode.asText()" because the return value of "com.fasterxml.jackson.databind.JsonNode.get(String)" is null
16:59:08.145 [http-nio-8080-exec-7] ERROR c.r.f.w.ChatWebSocketHandler - [handleTextMessage,72] - 处理消息失败: Cannot invoke "com.fasterxml.jackson.databind.JsonNode.asText()" because the return value of "com.fasterxml.jackson.databind.JsonNode.get(String)" is null
16:59:18.139 [http-nio-8080-exec-3] ERROR c.r.f.w.ChatWebSocketHandler - [handleTextMessage,72] - 处理消息失败: Cannot invoke "com.fasterxml.jackson.databind.JsonNode.asText()" because the return value of "com.fasterxml.jackson.databind.JsonNode.get(String)" is null
16:59:28.149 [http-nio-8080-exec-28] ERROR c.r.f.w.ChatWebSocketHandler - [handleTextMessage,72] - 处理消息失败: Cannot invoke "com.fasterxml.jackson.databind.JsonNode.asText()" because the return value of "com.fasterxml.jackson.databind.JsonNode.get(String)" is null
16:59:28.164 [http-nio-8080-exec-16] ERROR c.r.f.w.ChatWebSocketHandler - [handleTextMessage,72] - 处理消息失败: Cannot invoke "com.fasterxml.jackson.databind.JsonNode.asText()" because the return value of "com.fasterxml.jackson.databind.JsonNode.get(String)" is null
16:59:38.146 [http-nio-8080-exec-14] ERROR c.r.f.w.ChatWebSocketHandler - [handleTextMessage,72] - 处理消息失败: Cannot invoke "com.fasterxml.jackson.databind.JsonNode.asText()" because the return value of "com.fasterxml.jackson.databind.JsonNode.get(String)" is null
16:59:48.147 [http-nio-8080-exec-21] ERROR c.r.f.w.ChatWebSocketHandler - [handleTextMessage,72] - 处理消息失败: Cannot invoke "com.fasterxml.jackson.databind.JsonNode.asText()" because the return value of "com.fasterxml.jackson.databind.JsonNode.get(String)" is null
16:59:48.164 [http-nio-8080-exec-18] ERROR c.r.f.w.ChatWebSocketHandler - [handleTextMessage,72] - 处理消息失败: Cannot invoke "com.fasterxml.jackson.databind.JsonNode.asText()" because the return value of "com.fasterxml.jackson.databind.JsonNode.get(String)" is null
17:00:08.152 [http-nio-8080-exec-15] ERROR c.r.f.w.ChatWebSocketHandler - [handleTextMessage,72] - 处理消息失败: Cannot invoke "com.fasterxml.jackson.databind.JsonNode.asText()" because the return value of "com.fasterxml.jackson.databind.JsonNode.get(String)" is null
17:00:08.163 [http-nio-8080-exec-24] ERROR c.r.f.w.ChatWebSocketHandler - [handleTextMessage,72] - 处理消息失败: Cannot invoke "com.fasterxml.jackson.databind.JsonNode.asText()" because the return value of "com.fasterxml.jackson.databind.JsonNode.get(String)" is null
17:00:18.145 [http-nio-8080-exec-1] ERROR c.r.f.w.ChatWebSocketHandler - [handleTextMessage,72] - 处理消息失败: Cannot invoke "com.fasterxml.jackson.databind.JsonNode.asText()" because the return value of "com.fasterxml.jackson.databind.JsonNode.get(String)" is null
17:00:28.146 [http-nio-8080-exec-62] ERROR c.r.f.w.ChatWebSocketHandler - [handleTextMessage,72] - 处理消息失败: Cannot invoke "com.fasterxml.jackson.databind.JsonNode.asText()" because the return value of "com.fasterxml.jackson.databind.JsonNode.get(String)" is null
17:00:48.148 [http-nio-8080-exec-61] ERROR c.r.f.w.ChatWebSocketHandler - [handleTextMessage,72] - 处理消息失败: Cannot invoke "com.fasterxml.jackson.databind.JsonNode.asText()" because the return value of "com.fasterxml.jackson.databind.JsonNode.get(String)" is null
17:00:48.160 [http-nio-8080-exec-63] ERROR c.r.f.w.ChatWebSocketHandler - [handleTextMessage,72] - 处理消息失败: Cannot invoke "com.fasterxml.jackson.databind.JsonNode.asText()" because the return value of "com.fasterxml.jackson.databind.JsonNode.get(String)" is null
17:00:58.148 [http-nio-8080-exec-43] ERROR c.r.f.w.ChatWebSocketHandler - [handleTextMessage,72] - 处理消息失败: Cannot invoke "com.fasterxml.jackson.databind.JsonNode.asText()" because the return value of "com.fasterxml.jackson.databind.JsonNode.get(String)" is null
17:01:08.147 [http-nio-8080-exec-40] ERROR c.r.f.w.ChatWebSocketHandler - [handleTextMessage,72] - 处理消息失败: Cannot invoke "com.fasterxml.jackson.databind.JsonNode.asText()" because the return value of "com.fasterxml.jackson.databind.JsonNode.get(String)" is null
17:01:29.153 [http-nio-8080-exec-35] ERROR c.r.f.w.ChatWebSocketHandler - [handleTextMessage,72] - 处理消息失败: Cannot invoke "com.fasterxml.jackson.databind.JsonNode.asText()" because the return value of "com.fasterxml.jackson.databind.JsonNode.get(String)" is null
17:01:39.146 [http-nio-8080-exec-36] ERROR c.r.f.w.ChatWebSocketHandler - [handleTextMessage,72] - 处理消息失败: Cannot invoke "com.fasterxml.jackson.databind.JsonNode.asText()" because the return value of "com.fasterxml.jackson.databind.JsonNode.get(String)" is null
17:01:49.142 [http-nio-8080-exec-66] ERROR c.r.f.w.ChatWebSocketHandler - [handleTextMessage,72] - 处理消息失败: Cannot invoke "com.fasterxml.jackson.databind.JsonNode.asText()" because the return value of "com.fasterxml.jackson.databind.JsonNode.get(String)" is null
17:02:19.152 [http-nio-8080-exec-29] ERROR c.r.f.w.ChatWebSocketHandler - [handleTextMessage,72] - 处理消息失败: Cannot invoke "com.fasterxml.jackson.databind.JsonNode.asText()" because the return value of "com.fasterxml.jackson.databind.JsonNode.get(String)" is null
17:22:14.648 [http-nio-8080-exec-34] ERROR c.r.f.w.ChatWebSocketHandler - [handleTextMessage,72] - 处理消息失败: Cannot invoke "com.fasterxml.jackson.databind.JsonNode.asText()" because the return value of "com.fasterxml.jackson.databind.JsonNode.get(String)" is null
17:23:16.485 [http-nio-8080-exec-38] ERROR c.r.f.w.ChatWebSocketHandler - [handleTextMessage,72] - 处理消息失败: Cannot invoke "com.fasterxml.jackson.databind.JsonNode.asText()" because the return value of "com.fasterxml.jackson.databind.JsonNode.get(String)" is null
